2017-02-13 12:22:29 [main] DEBUG LogFrameFile:26 - 扫描jar
2017-02-13 12:22:30 [main] DEBUG LogFrameFile:26 - 解析xml结束
2017-02-13 12:22:30 [main] ERROR LogFrameFile:30 - 
java.lang.NullPointerException: null
	at java.io.File.<init>(File.java:277) ~[?:1.8.0_121]
	at io.mycat.db.autotest.server.AutoTestServer.strat(AutoTestServer.java:42) [db-autotest-core-0.0.1.jar:?]
	at io.mycat.db.autotest.server.AutoTestServer.main(AutoTestServer.java:146) [db-autotest-core-0.0.1.jar:?]
2017-02-13 12:25:04 [main] DEBUG LogFrameFile:26 - 扫描jar
2017-02-13 12:25:05 [main] DEBUG LogFrameFile:26 - 解析xml结束
2017-02-13 12:25:05 [main] ERROR LogFrameFile:30 - 
java.io.FileNotFoundException: Source 'file:\E:\mTools\databasecheck\parent\db-autotest-core-0.0.1.jar!\resources\js' does not exist
	at org.apache.commons.io.FileUtils.checkFileRequirements(FileUtils.java:1405) ~[db-autotest-core-0.0.1.jar:?]
	at org.apache.commons.io.FileUtils.copyDirectory(FileUtils.java:1368) ~[db-autotest-core-0.0.1.jar:?]
	at org.apache.commons.io.FileUtils.copyDirectory(FileUtils.java:1268) ~[db-autotest-core-0.0.1.jar:?]
	at org.apache.commons.io.FileUtils.copyDirectoryToDirectory(FileUtils.java:1209) ~[db-autotest-core-0.0.1.jar:?]
	at io.mycat.db.autotest.server.AutoTestServer.strat(AutoTestServer.java:45) [db-autotest-core-0.0.1.jar:?]
	at io.mycat.db.autotest.server.AutoTestServer.main(AutoTestServer.java:148) [db-autotest-core-0.0.1.jar:?]
2017-02-13 12:26:23 [main] DEBUG LogFrameFile:26 - 扫描jar
2017-02-13 12:26:24 [main] DEBUG LogFrameFile:26 - 解析xml结束
2017-02-13 12:26:24 [main] ERROR LogFrameFile:30 - 
java.io.FileNotFoundException: Source 'file:\E:\mTools\databasecheck\parent\db-autotest-core-0.0.1.jar!\resources\js' does not exist
	at org.apache.commons.io.FileUtils.checkFileRequirements(FileUtils.java:1405) ~[db-autotest-core-0.0.1.jar:?]
	at org.apache.commons.io.FileUtils.copyDirectory(FileUtils.java:1368) ~[db-autotest-core-0.0.1.jar:?]
	at org.apache.commons.io.FileUtils.copyDirectory(FileUtils.java:1268) ~[db-autotest-core-0.0.1.jar:?]
	at org.apache.commons.io.FileUtils.copyDirectoryToDirectory(FileUtils.java:1209) ~[db-autotest-core-0.0.1.jar:?]
	at io.mycat.db.autotest.server.AutoTestServer.strat(AutoTestServer.java:45) [db-autotest-core-0.0.1.jar:?]
	at io.mycat.db.autotest.server.AutoTestServer.main(AutoTestServer.java:152) [db-autotest-core-0.0.1.jar:?]
2017-02-13 12:28:26 [main] DEBUG LogFrameFile:26 - 扫描jar
2017-02-13 12:28:26 [main] DEBUG LogFrameFile:26 - 解析xml结束
2017-02-13 12:28:26 [main] ERROR LogFrameFile:30 - 
java.io.FileNotFoundException: Source 'file:\E:\mTools\databasecheck\parent\db-autotest-core-0.0.1.jar!\resources\js' does not exist
	at org.apache.commons.io.FileUtils.checkFileRequirements(FileUtils.java:1405) ~[db-autotest-core-0.0.1.jar:?]
	at org.apache.commons.io.FileUtils.copyDirectory(FileUtils.java:1368) ~[db-autotest-core-0.0.1.jar:?]
	at org.apache.commons.io.FileUtils.copyDirectory(FileUtils.java:1268) ~[db-autotest-core-0.0.1.jar:?]
	at org.apache.commons.io.FileUtils.copyDirectoryToDirectory(FileUtils.java:1209) ~[db-autotest-core-0.0.1.jar:?]
	at io.mycat.db.autotest.server.AutoTestServer.strat(AutoTestServer.java:45) [db-autotest-core-0.0.1.jar:?]
	at io.mycat.db.autotest.server.AutoTestServer.main(AutoTestServer.java:152) [db-autotest-core-0.0.1.jar:?]
2017-02-13 12:29:20 [main] DEBUG LogFrameFile:26 - 扫描jar
2017-02-13 12:29:21 [main] DEBUG LogFrameFile:26 - 解析xml结束
2017-02-13 12:29:21 [main] ERROR LogFrameFile:30 - 
java.io.FileNotFoundException: Source 'file:\E:\mTools\databasecheck\parent\db-autotest-core-0.0.1.jar!\resources\js' does not exist
	at org.apache.commons.io.FileUtils.checkFileRequirements(FileUtils.java:1405) ~[db-autotest-core-0.0.1.jar:?]
	at org.apache.commons.io.FileUtils.copyDirectory(FileUtils.java:1368) ~[db-autotest-core-0.0.1.jar:?]
	at org.apache.commons.io.FileUtils.copyDirectory(FileUtils.java:1268) ~[db-autotest-core-0.0.1.jar:?]
	at org.apache.commons.io.FileUtils.copyDirectoryToDirectory(FileUtils.java:1209) ~[db-autotest-core-0.0.1.jar:?]
	at io.mycat.db.autotest.server.AutoTestServer.strat(AutoTestServer.java:45) [db-autotest-core-0.0.1.jar:?]
	at io.mycat.db.autotest.server.AutoTestServer.main(AutoTestServer.java:152) [db-autotest-core-0.0.1.jar:?]
2017-02-13 12:30:10 [main] DEBUG LogFrameFile:26 - 扫描jar
2017-02-13 12:30:11 [main] DEBUG LogFrameFile:26 - 解析xml结束
2017-02-13 12:30:11 [main] ERROR LogFrameFile:30 - 
java.io.FileNotFoundException: Source 'file:\E:\mTools\databasecheck\parent\db-autotest-core-0.0.1.jar!\resources\js' does not exist
	at org.apache.commons.io.FileUtils.checkFileRequirements(FileUtils.java:1405) ~[db-autotest-core-0.0.1.jar:?]
	at org.apache.commons.io.FileUtils.copyDirectory(FileUtils.java:1368) ~[db-autotest-core-0.0.1.jar:?]
	at org.apache.commons.io.FileUtils.copyDirectory(FileUtils.java:1268) ~[db-autotest-core-0.0.1.jar:?]
	at org.apache.commons.io.FileUtils.copyDirectoryToDirectory(FileUtils.java:1209) ~[db-autotest-core-0.0.1.jar:?]
	at io.mycat.db.autotest.server.AutoTestServer.strat(AutoTestServer.java:45) [db-autotest-core-0.0.1.jar:?]
	at io.mycat.db.autotest.server.AutoTestServer.main(AutoTestServer.java:152) [db-autotest-core-0.0.1.jar:?]
2017-02-13 12:30:27 [main] DEBUG LogFrameFile:26 - 扫描jar
2017-02-13 12:30:27 [main] DEBUG LogFrameFile:26 - 解析xml结束
2017-02-13 12:30:28 [main] ERROR LogFrameFile:30 - 
java.io.FileNotFoundException: Source 'file:\E:\mTools\databasecheck\parent\db-autotest-core-0.0.1.jar!\resources\js' does not exist
	at org.apache.commons.io.FileUtils.checkFileRequirements(FileUtils.java:1405) ~[db-autotest-core-0.0.1.jar:?]
	at org.apache.commons.io.FileUtils.copyDirectory(FileUtils.java:1368) ~[db-autotest-core-0.0.1.jar:?]
	at org.apache.commons.io.FileUtils.copyDirectory(FileUtils.java:1268) ~[db-autotest-core-0.0.1.jar:?]
	at org.apache.commons.io.FileUtils.copyDirectoryToDirectory(FileUtils.java:1209) ~[db-autotest-core-0.0.1.jar:?]
	at io.mycat.db.autotest.server.AutoTestServer.strat(AutoTestServer.java:45) [db-autotest-core-0.0.1.jar:?]
	at io.mycat.db.autotest.server.AutoTestServer.main(AutoTestServer.java:152) [db-autotest-core-0.0.1.jar:?]
2017-02-13 12:32:02 [main] DEBUG LogFrameFile:26 - 扫描jar
2017-02-13 12:32:02 [main] DEBUG LogFrameFile:26 - 解析xml结束
2017-02-13 12:32:02 [main] ERROR LogFrameFile:30 - 
java.io.FileNotFoundException: Source 'file:\E:\mTools\databasecheck\parent\db-autotest-core-0.0.1.jar!\resources\js' does not exist
	at org.apache.commons.io.FileUtils.checkFileRequirements(FileUtils.java:1405) ~[db-autotest-core-0.0.1.jar:?]
	at org.apache.commons.io.FileUtils.copyDirectory(FileUtils.java:1368) ~[db-autotest-core-0.0.1.jar:?]
	at org.apache.commons.io.FileUtils.copyDirectory(FileUtils.java:1268) ~[db-autotest-core-0.0.1.jar:?]
	at org.apache.commons.io.FileUtils.copyDirectoryToDirectory(FileUtils.java:1209) ~[db-autotest-core-0.0.1.jar:?]
	at io.mycat.db.autotest.server.AutoTestServer.strat(AutoTestServer.java:45) [db-autotest-core-0.0.1.jar:?]
	at io.mycat.db.autotest.server.AutoTestServer.main(AutoTestServer.java:152) [db-autotest-core-0.0.1.jar:?]
2017-02-13 12:32:19 [main] DEBUG LogFrameFile:26 - 扫描jar
2017-02-13 12:32:20 [main] DEBUG LogFrameFile:26 - 解析xml结束
2017-02-13 12:32:20 [main] ERROR LogFrameFile:30 - 
java.io.FileNotFoundException: Source 'file:\E:\mTools\databasecheck\parent\db-autotest-core-0.0.1.jar!\resources\js' does not exist
	at org.apache.commons.io.FileUtils.checkFileRequirements(FileUtils.java:1405) ~[db-autotest-core-0.0.1.jar:?]
	at org.apache.commons.io.FileUtils.copyDirectory(FileUtils.java:1368) ~[db-autotest-core-0.0.1.jar:?]
	at org.apache.commons.io.FileUtils.copyDirectory(FileUtils.java:1268) ~[db-autotest-core-0.0.1.jar:?]
	at org.apache.commons.io.FileUtils.copyDirectoryToDirectory(FileUtils.java:1209) ~[db-autotest-core-0.0.1.jar:?]
	at io.mycat.db.autotest.server.AutoTestServer.strat(AutoTestServer.java:45) [db-autotest-core-0.0.1.jar:?]
	at io.mycat.db.autotest.server.AutoTestServer.main(AutoTestServer.java:153) [db-autotest-core-0.0.1.jar:?]
2017-02-13 12:33:09 [main] DEBUG LogFrameFile:26 - 扫描jar
2017-02-13 12:33:09 [main] DEBUG LogFrameFile:26 - 解析xml结束
2017-02-13 12:33:09 [main] ERROR LogFrameFile:30 - 
java.io.FileNotFoundException: Source 'file:\E:\mTools\databasecheck\parent\db-autotest-core-0.0.1.jar!\resources\js' does not exist
	at org.apache.commons.io.FileUtils.checkFileRequirements(FileUtils.java:1405) ~[db-autotest-core-0.0.1.jar:?]
	at org.apache.commons.io.FileUtils.copyDirectory(FileUtils.java:1368) ~[db-autotest-core-0.0.1.jar:?]
	at org.apache.commons.io.FileUtils.copyDirectory(FileUtils.java:1268) ~[db-autotest-core-0.0.1.jar:?]
	at org.apache.commons.io.FileUtils.copyDirectoryToDirectory(FileUtils.java:1209) ~[db-autotest-core-0.0.1.jar:?]
	at io.mycat.db.autotest.server.AutoTestServer.strat(AutoTestServer.java:45) [db-autotest-core-0.0.1.jar:?]
	at io.mycat.db.autotest.server.AutoTestServer.main(AutoTestServer.java:153) [db-autotest-core-0.0.1.jar:?]
2017-02-13 12:35:18 [main] DEBUG LogFrameFile:26 - 扫描jar
2017-02-13 12:35:19 [main] DEBUG LogFrameFile:26 - 解析xml结束
2017-02-13 12:35:19 [main] ERROR LogFrameFile:30 - 
java.io.FileNotFoundException: Source 'file:\E:\mTools\databasecheck\parent\db-autotest-core-0.0.1.jar!\resources\js' does not exist
	at org.apache.commons.io.FileUtils.checkFileRequirements(FileUtils.java:1405) ~[db-autotest-core-0.0.1.jar:?]
	at org.apache.commons.io.FileUtils.copyDirectory(FileUtils.java:1368) ~[db-autotest-core-0.0.1.jar:?]
	at org.apache.commons.io.FileUtils.copyDirectory(FileUtils.java:1268) ~[db-autotest-core-0.0.1.jar:?]
	at org.apache.commons.io.FileUtils.copyDirectoryToDirectory(FileUtils.java:1209) ~[db-autotest-core-0.0.1.jar:?]
	at io.mycat.db.autotest.server.AutoTestServer.strat(AutoTestServer.java:45) [db-autotest-core-0.0.1.jar:?]
	at io.mycat.db.autotest.server.AutoTestServer.main(AutoTestServer.java:153) [db-autotest-core-0.0.1.jar:?]
2017-02-13 12:36:17 [main] DEBUG LogFrameFile:26 - 扫描jar
2017-02-13 12:36:17 [main] DEBUG LogFrameFile:26 - 解析xml结束
2017-02-13 12:36:17 [main] ERROR LogFrameFile:30 - 
java.io.FileNotFoundException: Source 'file:\E:\mTools\databasecheck\parent\db-autotest-core-0.0.1.jar!\resources\js' does not exist
	at org.apache.commons.io.FileUtils.checkFileRequirements(FileUtils.java:1405) ~[db-autotest-core-0.0.1.jar:?]
	at org.apache.commons.io.FileUtils.copyDirectory(FileUtils.java:1368) ~[db-autotest-core-0.0.1.jar:?]
	at org.apache.commons.io.FileUtils.copyDirectory(FileUtils.java:1268) ~[db-autotest-core-0.0.1.jar:?]
	at org.apache.commons.io.FileUtils.copyDirectoryToDirectory(FileUtils.java:1209) ~[db-autotest-core-0.0.1.jar:?]
	at io.mycat.db.autotest.server.AutoTestServer.strat(AutoTestServer.java:45) [db-autotest-core-0.0.1.jar:?]
	at io.mycat.db.autotest.server.AutoTestServer.main(AutoTestServer.java:156) [db-autotest-core-0.0.1.jar:?]
2017-02-13 12:37:40 [main] DEBUG LogFrameFile:26 - 扫描jar
2017-02-13 12:37:41 [main] DEBUG LogFrameFile:26 - 解析xml结束
2017-02-13 12:37:41 [main] ERROR LogFrameFile:30 - 
java.io.FileNotFoundException: Source 'file:\E:\mTools\databasecheck\parent\db-autotest-core-0.0.1.jar!\resources\js' does not exist
	at org.apache.commons.io.FileUtils.checkFileRequirements(FileUtils.java:1405) ~[db-autotest-core-0.0.1.jar:?]
	at org.apache.commons.io.FileUtils.copyDirectory(FileUtils.java:1368) ~[db-autotest-core-0.0.1.jar:?]
	at org.apache.commons.io.FileUtils.copyDirectory(FileUtils.java:1268) ~[db-autotest-core-0.0.1.jar:?]
	at org.apache.commons.io.FileUtils.copyDirectoryToDirectory(FileUtils.java:1209) ~[db-autotest-core-0.0.1.jar:?]
	at io.mycat.db.autotest.server.AutoTestServer.strat(AutoTestServer.java:45) [db-autotest-core-0.0.1.jar:?]
	at io.mycat.db.autotest.server.AutoTestServer.main(AutoTestServer.java:156) [db-autotest-core-0.0.1.jar:?]
2017-02-13 12:38:18 [main] DEBUG LogFrameFile:26 - 扫描jar
2017-02-13 12:38:18 [main] DEBUG LogFrameFile:26 - 解析xml结束
2017-02-13 12:38:18 [main] ERROR LogFrameFile:30 - 
java.io.FileNotFoundException: Source 'file:\E:\mTools\databasecheck\parent\db-autotest-core-0.0.1.jar!\resources\js' does not exist
	at org.apache.commons.io.FileUtils.checkFileRequirements(FileUtils.java:1405) ~[db-autotest-core-0.0.1.jar:?]
	at org.apache.commons.io.FileUtils.copyDirectory(FileUtils.java:1368) ~[db-autotest-core-0.0.1.jar:?]
	at org.apache.commons.io.FileUtils.copyDirectory(FileUtils.java:1268) ~[db-autotest-core-0.0.1.jar:?]
	at org.apache.commons.io.FileUtils.copyDirectoryToDirectory(FileUtils.java:1209) ~[db-autotest-core-0.0.1.jar:?]
	at io.mycat.db.autotest.server.AutoTestServer.strat(AutoTestServer.java:45) [db-autotest-core-0.0.1.jar:?]
	at io.mycat.db.autotest.server.AutoTestServer.main(AutoTestServer.java:156) [db-autotest-core-0.0.1.jar:?]
2017-02-13 12:41:20 [main] DEBUG LogFrameFile:26 - 扫描jar
2017-02-13 12:41:20 [main] DEBUG LogFrameFile:26 - 解析xml结束
2017-02-13 12:41:20 [main] ERROR LogFrameFile:30 - 
java.io.FileNotFoundException: Source 'file:\E:\mTools\databasecheck\parent\db-autotest-core-0.0.1.jar!\resources\js' does not exist
	at org.apache.commons.io.FileUtils.checkFileRequirements(FileUtils.java:1405) ~[db-autotest-core-0.0.1.jar:?]
	at org.apache.commons.io.FileUtils.copyDirectory(FileUtils.java:1368) ~[db-autotest-core-0.0.1.jar:?]
	at org.apache.commons.io.FileUtils.copyDirectory(FileUtils.java:1268) ~[db-autotest-core-0.0.1.jar:?]
	at org.apache.commons.io.FileUtils.copyDirectoryToDirectory(FileUtils.java:1209) ~[db-autotest-core-0.0.1.jar:?]
	at io.mycat.db.autotest.server.AutoTestServer.strat(AutoTestServer.java:45) [db-autotest-core-0.0.1.jar:?]
	at io.mycat.db.autotest.server.AutoTestServer.main(AutoTestServer.java:156) [db-autotest-core-0.0.1.jar:?]
2017-02-13 12:42:08 [main] DEBUG LogFrameFile:26 - 扫描jar
2017-02-13 12:42:08 [main] DEBUG LogFrameFile:26 - 解析xml结束
2017-02-13 12:42:08 [main] ERROR LogFrameFile:30 - 
java.io.FileNotFoundException: Source 'file:\E:\mTools\databasecheck\parent\db-autotest-core-0.0.1.jar!\resources\js' does not exist
	at org.apache.commons.io.FileUtils.checkFileRequirements(FileUtils.java:1405) ~[db-autotest-core-0.0.1.jar:?]
	at org.apache.commons.io.FileUtils.copyDirectory(FileUtils.java:1368) ~[db-autotest-core-0.0.1.jar:?]
	at org.apache.commons.io.FileUtils.copyDirectory(FileUtils.java:1268) ~[db-autotest-core-0.0.1.jar:?]
	at org.apache.commons.io.FileUtils.copyDirectoryToDirectory(FileUtils.java:1209) ~[db-autotest-core-0.0.1.jar:?]
	at io.mycat.db.autotest.server.AutoTestServer.strat(AutoTestServer.java:45) [db-autotest-core-0.0.1.jar:?]
	at io.mycat.db.autotest.server.AutoTestServer.main(AutoTestServer.java:156) [db-autotest-core-0.0.1.jar:?]
2017-02-13 12:42:40 [main] DEBUG LogFrameFile:26 - 扫描jar
2017-02-13 12:42:41 [main] DEBUG LogFrameFile:26 - 解析xml结束
2017-02-13 12:42:41 [main] ERROR LogFrameFile:30 - 
java.io.FileNotFoundException: Source 'file:\E:\mTools\databasecheck\parent\db-autotest-core-0.0.1.jar!\resources\js' does not exist
	at org.apache.commons.io.FileUtils.checkFileRequirements(FileUtils.java:1405) ~[db-autotest-core-0.0.1.jar:?]
	at org.apache.commons.io.FileUtils.copyDirectory(FileUtils.java:1368) ~[db-autotest-core-0.0.1.jar:?]
	at org.apache.commons.io.FileUtils.copyDirectory(FileUtils.java:1268) ~[db-autotest-core-0.0.1.jar:?]
	at org.apache.commons.io.FileUtils.copyDirectoryToDirectory(FileUtils.java:1209) ~[db-autotest-core-0.0.1.jar:?]
	at io.mycat.db.autotest.server.AutoTestServer.strat(AutoTestServer.java:45) [db-autotest-core-0.0.1.jar:?]
	at io.mycat.db.autotest.server.AutoTestServer.main(AutoTestServer.java:153) [db-autotest-core-0.0.1.jar:?]
2017-02-13 13:12:25 [main] DEBUG LogFrameFile:26 - 扫描jar
2017-02-13 13:12:26 [main] DEBUG LogFrameFile:26 - 解析xml结束
2017-02-13 13:12:53 [main] DEBUG LogFrameFile:26 - 用例装配完成，连接池初始化完成......
2017-02-13 13:12:54 [main] INFO  DruidDataSource:715 - {dataSource-1} inited
2017-02-13 13:13:15 [Druid-ConnectionPool-Create-198499365] ERROR DruidDataSource:2001 - create connection error, url: jdbc:mysql://192.168.31.157:3306/test?useUnicode=true&characterEncoding=UTF-8, errorCode 0, state 08S01
com.mysql.jdbc.exceptions.jdbc4.CommunicationsException: Communications link failure

The last packet sent successfully to the server was 0 milliseconds ago. The driver has not received any packets from the server.
	at sun.reflect.NativeConstructorAccessorImpl.newInstance0(Native Method) ~[?:1.8.0_101]
	at sun.reflect.NativeConstructorAccessorImpl.newInstance(NativeConstructorAccessorImpl.java:62) ~[?:1.8.0_101]
	at sun.reflect.DelegatingConstructorAccessorImpl.newInstance(DelegatingConstructorAccessorImpl.java:45) ~[?:1.8.0_101]
	at java.lang.reflect.Constructor.newInstance(Constructor.java:423) ~[?:1.8.0_101]
	at com.mysql.jdbc.Util.handleNewInstance(Util.java:425) ~[db-autotest-core-0.0.1.jar:?]
	at com.mysql.jdbc.SQLError.createCommunicationsException(SQLError.java:989) ~[db-autotest-core-0.0.1.jar:?]
	at com.mysql.jdbc.MysqlIO.<init>(MysqlIO.java:341) ~[db-autotest-core-0.0.1.jar:?]
	at com.mysql.jdbc.ConnectionImpl.coreConnect(ConnectionImpl.java:2251) ~[db-autotest-core-0.0.1.jar:?]
	at com.mysql.jdbc.ConnectionImpl.connectOneTryOnly(ConnectionImpl.java:2284) ~[db-autotest-core-0.0.1.jar:?]
	at com.mysql.jdbc.ConnectionImpl.createNewIO(ConnectionImpl.java:2083) ~[db-autotest-core-0.0.1.jar:?]
	at com.mysql.jdbc.ConnectionImpl.<init>(ConnectionImpl.java:806) ~[db-autotest-core-0.0.1.jar:?]
	at com.mysql.jdbc.JDBC4Connection.<init>(JDBC4Connection.java:47) ~[db-autotest-core-0.0.1.jar:?]
	at sun.reflect.NativeConstructorAccessorImpl.newInstance0(Native Method) ~[?:1.8.0_101]
	at sun.reflect.NativeConstructorAccessorImpl.newInstance(NativeConstructorAccessorImpl.java:62) ~[?:1.8.0_101]
	at sun.reflect.DelegatingConstructorAccessorImpl.newInstance(DelegatingConstructorAccessorImpl.java:45) ~[?:1.8.0_101]
	at java.lang.reflect.Constructor.newInstance(Constructor.java:423) ~[?:1.8.0_101]
	at com.mysql.jdbc.Util.handleNewInstance(Util.java:425) ~[db-autotest-core-0.0.1.jar:?]
	at com.mysql.jdbc.ConnectionImpl.getInstance(ConnectionImpl.java:410) ~[db-autotest-core-0.0.1.jar:?]
	at com.mysql.jdbc.NonRegisteringDriver.connect(NonRegisteringDriver.java:328) ~[db-autotest-core-0.0.1.jar:?]
	at com.alibaba.druid.pool.DruidAbstractDataSource.createPhysicalConnection(DruidAbstractDataSource.java:1425) ~[db-autotest-core-0.0.1.jar:?]
	at com.alibaba.druid.pool.DruidAbstractDataSource.createPhysicalConnection(DruidAbstractDataSource.java:1481) ~[db-autotest-core-0.0.1.jar:?]
	at com.alibaba.druid.pool.DruidDataSource$CreateConnectionThread.run(DruidDataSource.java:1998) [db-autotest-core-0.0.1.jar:?]
Caused by: java.net.ConnectException: Connection timed out: connect
	at java.net.DualStackPlainSocketImpl.connect0(Native Method) ~[?:1.8.0_101]
	at java.net.DualStackPlainSocketImpl.socketConnect(DualStackPlainSocketImpl.java:79) ~[?:1.8.0_101]
	at java.net.AbstractPlainSocketImpl.doConnect(AbstractPlainSocketImpl.java:350) ~[?:1.8.0_101]
	at java.net.AbstractPlainSocketImpl.connectToAddress(AbstractPlainSocketImpl.java:206) ~[?:1.8.0_101]
	at java.net.AbstractPlainSocketImpl.connect(AbstractPlainSocketImpl.java:188) ~[?:1.8.0_101]
	at java.net.PlainSocketImpl.connect(PlainSocketImpl.java:172) ~[?:1.8.0_101]
	at java.net.SocksSocketImpl.connect(SocksSocketImpl.java:392) ~[?:1.8.0_101]
	at java.net.Socket.connect(Socket.java:589) ~[?:1.8.0_101]
	at com.mysql.jdbc.StandardSocketFactory.connect(StandardSocketFactory.java:211) ~[db-autotest-core-0.0.1.jar:?]
	at com.mysql.jdbc.MysqlIO.<init>(MysqlIO.java:300) ~[db-autotest-core-0.0.1.jar:?]
	... 15 more
2017-02-13 13:13:36 [Druid-ConnectionPool-Create-198499365] ERROR DruidDataSource:2001 - create connection error, url: jdbc:mysql://192.168.31.157:3306/test?useUnicode=true&characterEncoding=UTF-8, errorCode 0, state 08S01
com.mysql.jdbc.exceptions.jdbc4.CommunicationsException: Communications link failure

The last packet sent successfully to the server was 0 milliseconds ago. The driver has not received any packets from the server.
	at sun.reflect.NativeConstructorAccessorImpl.newInstance0(Native Method) ~[?:1.8.0_101]
	at sun.reflect.NativeConstructorAccessorImpl.newInstance(NativeConstructorAccessorImpl.java:62) ~[?:1.8.0_101]
	at sun.reflect.DelegatingConstructorAccessorImpl.newInstance(DelegatingConstructorAccessorImpl.java:45) ~[?:1.8.0_101]
	at java.lang.reflect.Constructor.newInstance(Constructor.java:423) ~[?:1.8.0_101]
	at com.mysql.jdbc.Util.handleNewInstance(Util.java:425) ~[db-autotest-core-0.0.1.jar:?]
	at com.mysql.jdbc.SQLError.createCommunicationsException(SQLError.java:989) ~[db-autotest-core-0.0.1.jar:?]
	at com.mysql.jdbc.MysqlIO.<init>(MysqlIO.java:341) ~[db-autotest-core-0.0.1.jar:?]
	at com.mysql.jdbc.ConnectionImpl.coreConnect(ConnectionImpl.java:2251) ~[db-autotest-core-0.0.1.jar:?]
	at com.mysql.jdbc.ConnectionImpl.connectOneTryOnly(ConnectionImpl.java:2284) ~[db-autotest-core-0.0.1.jar:?]
	at com.mysql.jdbc.ConnectionImpl.createNewIO(ConnectionImpl.java:2083) ~[db-autotest-core-0.0.1.jar:?]
	at com.mysql.jdbc.ConnectionImpl.<init>(ConnectionImpl.java:806) ~[db-autotest-core-0.0.1.jar:?]
	at com.mysql.jdbc.JDBC4Connection.<init>(JDBC4Connection.java:47) ~[db-autotest-core-0.0.1.jar:?]
	at sun.reflect.NativeConstructorAccessorImpl.newInstance0(Native Method) ~[?:1.8.0_101]
	at sun.reflect.NativeConstructorAccessorImpl.newInstance(NativeConstructorAccessorImpl.java:62) ~[?:1.8.0_101]
	at sun.reflect.DelegatingConstructorAccessorImpl.newInstance(DelegatingConstructorAccessorImpl.java:45) ~[?:1.8.0_101]
	at java.lang.reflect.Constructor.newInstance(Constructor.java:423) ~[?:1.8.0_101]
	at com.mysql.jdbc.Util.handleNewInstance(Util.java:425) ~[db-autotest-core-0.0.1.jar:?]
	at com.mysql.jdbc.ConnectionImpl.getInstance(ConnectionImpl.java:410) ~[db-autotest-core-0.0.1.jar:?]
	at com.mysql.jdbc.NonRegisteringDriver.connect(NonRegisteringDriver.java:328) ~[db-autotest-core-0.0.1.jar:?]
	at com.alibaba.druid.pool.DruidAbstractDataSource.createPhysicalConnection(DruidAbstractDataSource.java:1425) ~[db-autotest-core-0.0.1.jar:?]
	at com.alibaba.druid.pool.DruidAbstractDataSource.createPhysicalConnection(DruidAbstractDataSource.java:1481) ~[db-autotest-core-0.0.1.jar:?]
	at com.alibaba.druid.pool.DruidDataSource$CreateConnectionThread.run(DruidDataSource.java:1998) [db-autotest-core-0.0.1.jar:?]
Caused by: java.net.ConnectException: Connection timed out: connect
	at java.net.DualStackPlainSocketImpl.connect0(Native Method) ~[?:1.8.0_101]
	at java.net.DualStackPlainSocketImpl.socketConnect(DualStackPlainSocketImpl.java:79) ~[?:1.8.0_101]
	at java.net.AbstractPlainSocketImpl.doConnect(AbstractPlainSocketImpl.java:350) ~[?:1.8.0_101]
	at java.net.AbstractPlainSocketImpl.connectToAddress(AbstractPlainSocketImpl.java:206) ~[?:1.8.0_101]
	at java.net.AbstractPlainSocketImpl.connect(AbstractPlainSocketImpl.java:188) ~[?:1.8.0_101]
	at java.net.PlainSocketImpl.connect(PlainSocketImpl.java:172) ~[?:1.8.0_101]
	at java.net.SocksSocketImpl.connect(SocksSocketImpl.java:392) ~[?:1.8.0_101]
	at java.net.Socket.connect(Socket.java:589) ~[?:1.8.0_101]
	at com.mysql.jdbc.StandardSocketFactory.connect(StandardSocketFactory.java:211) ~[db-autotest-core-0.0.1.jar:?]
	at com.mysql.jdbc.MysqlIO.<init>(MysqlIO.java:300) ~[db-autotest-core-0.0.1.jar:?]
	... 15 more
2017-02-13 13:16:43 [main] DEBUG LogFrameFile:26 - 扫描jar
2017-02-13 13:16:43 [main] DEBUG LogFrameFile:26 - 解析xml结束
2017-02-13 13:17:06 [main] DEBUG LogFrameFile:26 - 用例装配完成，连接池初始化完成......
2017-02-13 13:17:06 [main] INFO  DruidDataSource:715 - {dataSource-1} inited
